[demo.mutationmedia.net/CONFIDENCEVCARD/index.html]
[backblue.gif]
[fade.gif]
[index.html]
[demo.mutationmedia.net/CONFIDENCEVCARD/css/font.css]
[demo.mutationmedia.net/CONFIDENCEVCARD/css/fontello.css]
[demo.mutationmedia.net/CONFIDENCEVCARD/css/main.css]
[demo.mutationmedia.net/CONFIDENCEVCARD/css/magnific-popup.css]
[demo.mutationmedia.net/CONFIDENCEVCARD/images/profile.jpg]
[demo.mutationmedia.net/CONFIDENCEVCARD/images/portfolioImages/work1.jpg]
[demo.mutationmedia.net/CONFIDENCEVCARD/images/portfolioImages/workLarge.jpg]
[demo.mutationmedia.net/CONFIDENCEVCARD/images/portfolioImages/work2.jpg]
[demo.mutationmedia.net/CONFIDENCEVCARD/images/portfolioImages/work3.jpg]
[demo.mutationmedia.net/CONFIDENCEVCARD/images/portfolioImages/work4.jpg]
[demo.mutationmedia.net/CONFIDENCEVCARD/js/jquery-1.9.1.min.js]
[demo.mutationmedia.net/CONFIDENCEVCARD/js/jquery-migrate-1.2.1.js]
[demo.mutationmedia.net/CONFIDENCEVCARD/js/jquery.easing.1.3.js]
[demo.mutationmedia.net/CONFIDENCEVCARD/js/jquery.quicksand.js]
[demo.mutationmedia.net/CONFIDENCEVCARD/js/jquery.scrollTo-min.js]
[demo.mutationmedia.net/CONFIDENCEVCARD/js/slides.min.jquery.js]
[demo.mutationmedia.net/CONFIDENCEVCARD/js/jquery.tweet.js]
[demo.mutationmedia.net/CONFIDENCEVCARD/js/waypoints.js]
[demo.mutationmedia.net/CONFIDENCEVCARD/js/jquery.parallax-1.1.3.js]
[demo.mutationmedia.net/CONFIDENCEVCARD/js/jquery.ui.totop.min.js]
[demo.mutationmedia.net/CONFIDENCEVCARD/js/jquery.simple-text-rotator.js]
[demo.mutationmedia.net/CONFIDENCEVCARD/js/jquery.magnific-popup.js]
[demo.mutationmedia.net/CONFIDENCEVCARD/index.html]
[demo.mutationmedia.net/CONFIDENCEVCARD/js/script.js]
[demo.mutationmedia.net/CONFIDENCEVCARD/font/roboto-black-webfont.eot]
[demo.mutationmedia.net/CONFIDENCEVCARD/font/roboto-black-webfont.woff]
[demo.mutationmedia.net/CONFIDENCEVCARD/font/roboto-black-webfont.ttf]
[demo.mutationmedia.net/CONFIDENCEVCARD/font/roboto-black-webfontd41d.eot]
[demo.mutationmedia.net/CONFIDENCEVCARD/font/roboto-blackitalic-webfont.eot]
[demo.mutationmedia.net/CONFIDENCEVCARD/font/roboto-blackitalic-webfont.woff]
[demo.mutationmedia.net/CONFIDENCEVCARD/font/roboto-blackitalic-webfontd41d.eot]
[demo.mutationmedia.net/CONFIDENCEVCARD/font/roboto-blackitalic-webfont.ttf]
[demo.mutationmedia.net/CONFIDENCEVCARD/font/roboto-bold-webfont.eot]
[demo.mutationmedia.net/CONFIDENCEVCARD/font/roboto-bold-webfontd41d.eot]
[demo.mutationmedia.net/CONFIDENCEVCARD/font/roboto-bold-webfont.woff]
[demo.mutationmedia.net/CONFIDENCEVCARD/font/roboto-bold-webfont.ttf]
[demo.mutationmedia.net/CONFIDENCEVCARD/font/roboto-bolditalic-webfont.eot]
[demo.mutationmedia.net/CONFIDENCEVCARD/font/roboto-bolditalic-webfont.woff]
[demo.mutationmedia.net/CONFIDENCEVCARD/font/roboto-bolditalic-webfontd41d.eot]
[demo.mutationmedia.net/CONFIDENCEVCARD/font/roboto-bolditalic-webfont.ttf]
[demo.mutationmedia.net/CONFIDENCEVCARD/font/roboto-italic-webfont.eot]
[demo.mutationmedia.net/CONFIDENCEVCARD/font/roboto-italic-webfontd41d.eot]
[demo.mutationmedia.net/CONFIDENCEVCARD/font/roboto-italic-webfont.woff]
[demo.mutationmedia.net/CONFIDENCEVCARD/font/roboto-italic-webfont.ttf]
[demo.mutationmedia.net/CONFIDENCEVCARD/font/roboto-light-webfont.eot]
[demo.mutationmedia.net/CONFIDENCEVCARD/font/roboto-light-webfontd41d.eot]
[demo.mutationmedia.net/CONFIDENCEVCARD/font/roboto-light-webfont.woff]
[demo.mutationmedia.net/CONFIDENCEVCARD/font/roboto-light-webfont.ttf]
[demo.mutationmedia.net/CONFIDENCEVCARD/font/roboto-lightitalic-webfont.eot]
[demo.mutationmedia.net/CONFIDENCEVCARD/font/roboto-lightitalic-webfont.woff]
[demo.mutationmedia.net/CONFIDENCEVCARD/font/roboto-lightitalic-webfontd41d.eot]
[demo.mutationmedia.net/CONFIDENCEVCARD/font/roboto-lightitalic-webfont.ttf]
[demo.mutationmedia.net/CONFIDENCEVCARD/font/roboto-medium-webfont.eot]
[demo.mutationmedia.net/CONFIDENCEVCARD/font/roboto-medium-webfontd41d.eot]
[demo.mutationmedia.net/CONFIDENCEVCARD/font/roboto-medium-webfont.woff]
[demo.mutationmedia.net/CONFIDENCEVCARD/font/roboto-medium-webfont.ttf]
[demo.mutationmedia.net/CONFIDENCEVCARD/font/roboto-mediumitalic-webfont.eot]
[demo.mutationmedia.net/CONFIDENCEVCARD/font/roboto-mediumitalic-webfont.woff]
[demo.mutationmedia.net/CONFIDENCEVCARD/font/roboto-mediumitalic-webfontd41d.eot]
[demo.mutationmedia.net/CONFIDENCEVCARD/font/roboto-mediumitalic-webfont.ttf]
[demo.mutationmedia.net/CONFIDENCEVCARD/font/roboto-regular-webfont.eot]
[demo.mutationmedia.net/CONFIDENCEVCARD/font/roboto-regular-webfontd41d.eot]
[demo.mutationmedia.net/CONFIDENCEVCARD/font/roboto-regular-webfont.woff]
[demo.mutationmedia.net/CONFIDENCEVCARD/font/roboto-regular-webfont.ttf]
[demo.mutationmedia.net/CONFIDENCEVCARD/font/roboto-thin-webfont.eot]
[demo.mutationmedia.net/CONFIDENCEVCARD/font/roboto-thin-webfontd41d.eot]
[demo.mutationmedia.net/CONFIDENCEVCARD/font/roboto-thin-webfont.woff]
[demo.mutationmedia.net/CONFIDENCEVCARD/font/roboto-thin-webfont.ttf]
[demo.mutationmedia.net/CONFIDENCEVCARD/font/roboto-thinitalic-webfont.eot]
[demo.mutationmedia.net/CONFIDENCEVCARD/font/roboto-thinitalic-webfont.woff]
[demo.mutationmedia.net/CONFIDENCEVCARD/font/roboto-thinitalic-webfontd41d.eot]
[demo.mutationmedia.net/CONFIDENCEVCARD/font/roboto-thinitalic-webfont.ttf]
[demo.mutationmedia.net/CONFIDENCEVCARD/font/robotocondensed-bold-webfont.eot]
[demo.mutationmedia.net/CONFIDENCEVCARD/font/robotocondensed-bold-webfontd41d.eot]
[demo.mutationmedia.net/CONFIDENCEVCARD/font/robotocondensed-bold-webfont.woff]
[demo.mutationmedia.net/CONFIDENCEVCARD/font/robotocondensed-bold-webfont.ttf]
[demo.mutationmedia.net/CONFIDENCEVCARD/font/robotocondensed-bolditalic-webfont.eot]
[demo.mutationmedia.net/CONFIDENCEVCARD/font/robotocondensed-bolditalic-webfontd41d.eot]
[demo.mutationmedia.net/CONFIDENCEVCARD/font/robotocondensed-bolditalic-webfont.woff]
[demo.mutationmedia.net/CONFIDENCEVCARD/font/robotocondensed-bolditalic-webfont.ttf]
[demo.mutationmedia.net/CONFIDENCEVCARD/font/robotocondensed-italic-webfont.eot]
[demo.mutationmedia.net/CONFIDENCEVCARD/font/robotocondensed-italic-webfont.woff]
[demo.mutationmedia.net/CONFIDENCEVCARD/font/robotocondensed-italic-webfontd41d.eot]
[demo.mutationmedia.net/CONFIDENCEVCARD/font/robotocondensed-italic-webfont.ttf]
[demo.mutationmedia.net/CONFIDENCEVCARD/font/robotocondensed-light-webfont.eot]
[demo.mutationmedia.net/CONFIDENCEVCARD/font/robotocondensed-light-webfont.woff]
[demo.mutationmedia.net/CONFIDENCEVCARD/font/robotocondensed-light-webfontd41d.eot]
[demo.mutationmedia.net/CONFIDENCEVCARD/font/robotocondensed-light-webfont.ttf]
[demo.mutationmedia.net/CONFIDENCEVCARD/font/robotocondensed-lightitalic-webfont.eot]
[demo.mutationmedia.net/CONFIDENCEVCARD/font/robotocondensed-lightitalic-webfont.woff]
[demo.mutationmedia.net/CONFIDENCEVCARD/font/robotocondensed-lightitalic-webfontd41d.eot]
[demo.mutationmedia.net/CONFIDENCEVCARD/font/robotocondensed-lightitalic-webfont.ttf]
[demo.mutationmedia.net/CONFIDENCEVCARD/font/robotocondensed-regular-webfont.eot]
[demo.mutationmedia.net/CONFIDENCEVCARD/font/robotocondensed-regular-webfont.woff]
[demo.mutationmedia.net/CONFIDENCEVCARD/font/robotocondensed-regular-webfontd41d.eot]
[demo.mutationmedia.net/CONFIDENCEVCARD/font/robotocondensed-regular-webfont.ttf]
[demo.mutationmedia.net/CONFIDENCEVCARD/css/font.css]
[demo.mutationmedia.net/CONFIDENCEVCARD/font/fontello726d.eot]
[demo.mutationmedia.net/CONFIDENCEVCARD/font/fontello726d.woff]
[demo.mutationmedia.net/CONFIDENCEVCARD/font/fontello726d.ttf]
[demo.mutationmedia.net/CONFIDENCEVCARD/css/fontello.css]
[demo.mutationmedia.net/CONFIDENCEVCARD/images/sliderImages/parallax.jpg]
[demo.mutationmedia.net/CONFIDENCEVCARD/css/main.css]
[demo.mutationmedia.net/CONFIDENCEVCARD/css/magnific-popup.css]
[demo.mutationmedia.net/CONFIDENCEVCARD/font/roboto-black-webfont.svg]
[demo.mutationmedia.net/CONFIDENCEVCARD/font/roboto-blackitalic-webfont.svg]
[demo.mutationmedia.net/CONFIDENCEVCARD/font/roboto-bold-webfont.svg]
[demo.mutationmedia.net/CONFIDENCEVCARD/font/roboto-bolditalic-webfont.svg]
[demo.mutationmedia.net/CONFIDENCEVCARD/font/roboto-italic-webfont.svg]
[demo.mutationmedia.net/CONFIDENCEVCARD/font/roboto-light-webfont.svg]
[demo.mutationmedia.net/CONFIDENCEVCARD/font/roboto-lightitalic-webfont.svg]
[demo.mutationmedia.net/CONFIDENCEVCARD/font/roboto-medium-webfont.svg]
[demo.mutationmedia.net/CONFIDENCEVCARD/font/roboto-mediumitalic-webfont.svg]
[demo.mutationmedia.net/CONFIDENCEVCARD/font/roboto-regular-webfont.svg]
[demo.mutationmedia.net/CONFIDENCEVCARD/font/roboto-thin-webfont.svg]
[demo.mutationmedia.net/CONFIDENCEVCARD/font/roboto-thinitalic-webfont.svg]
[demo.mutationmedia.net/CONFIDENCEVCARD/font/robotocondensed-bold-webfont.svg]
[demo.mutationmedia.net/CONFIDENCEVCARD/font/robotocondensed-bolditalic-webfont.svg]
[demo.mutationmedia.net/CONFIDENCEVCARD/font/robotocondensed-italic-webfont.svg]
[demo.mutationmedia.net/CONFIDENCEVCARD/font/robotocondensed-light-webfont.svg]
[demo.mutationmedia.net/CONFIDENCEVCARD/font/robotocondensed-lightitalic-webfont.svg]
[demo.mutationmedia.net/CONFIDENCEVCARD/font/robotocondensed-regular-webfont.svg]
[demo.mutationmedia.net/CONFIDENCEVCARD/font/fontello726d.svg]
